proguard/seeds.txt
com.productshow.MainActivity
com.productshow.MainActivity: MainActivity()
com.productshow.PageActivity
com.productshow.PageActivity: PageActivity()
com.productshow.R$anim: int abc_fade_in
com.productshow.R$anim: int abc_fade_out
com.productshow.R$anim: int abc_slide_in_bottom
com.productshow.R$anim: int abc_slide_in_top
com.productshow.R$anim: int abc_slide_out_bottom
com.productshow.R$anim: int abc_slide_out_top
com.productshow.R$attr: int actionBarDivider
com.productshow.R$attr: int actionBarItemBackground
com.productshow.R$attr: int actionBarSize
com.productshow.R$attr: int actionBarSplitStyle
com.productshow.R$attr: int actionBarStyle
com.productshow.R$attr: int actionBarTabBarStyle
com.productshow.R$attr: int actionBarTabStyle
com.productshow.R$attr: int actionBarTabTextStyle
com.productshow.R$attr: int actionBarWidgetTheme
com.productshow.R$attr: int actionButtonStyle
com.productshow.R$attr: int actionDropDownStyle
com.productshow.R$attr: int actionLayout
com.productshow.R$attr: int actionMenuTextAppearance
com.productshow.R$attr: int actionMenuTextColor
com.productshow.R$attr: int actionModeBackground
com.productshow.R$attr: int actionModeCloseButtonStyle
com.productshow.R$attr: int actionModeCloseDrawable
com.productshow.R$attr: int actionModeCopyDrawable
com.productshow.R$attr: int actionModeCutDrawable
com.productshow.R$attr: int actionModeFindDrawable
com.productshow.R$attr: int actionModePasteDrawable
com.productshow.R$attr: int actionModePopupWindowStyle
com.productshow.R$attr: int actionModeSelectAllDrawable
com.productshow.R$attr: int actionModeShareDrawable
com.productshow.R$attr: int actionModeSplitBackground
com.productshow.R$attr: int actionModeStyle
com.productshow.R$attr: int actionModeWebSearchDrawable
com.productshow.R$attr: int actionOverflowButtonStyle
com.productshow.R$attr: int actionProviderClass
com.productshow.R$bool: int abc_action_bar_embed_tabs_pre_jb
com.productshow.R$bool: int abc_action_bar_expanded_action_views_exclusive
com.productshow.R$bool: int abc_config_actionMenuItemAllCaps
com.productshow.R$bool: int abc_config_allowActionMenuItemTextWithIcon
com.productshow.R$bool: int abc_config_showMenuShortcutsWhenKeyboardPresent
com.productshow.R$bool: int abc_split_action_bar_is_narrow
com.productshow.R$color: int abc_search_url_text_holo
com.productshow.R$color: int abc_search_url_text_normal
com.productshow.R$color: int abc_search_url_text_pressed
com.productshow.R$color: int abc_search_url_text_selected
com.productshow.R$dimen: int abc_action_bar_default_height
com.productshow.R$dimen: int abc_action_bar_icon_vertical_padding
com.productshow.R$dimen: int abc_action_bar_progress_bar_size
com.productshow.R$dimen: int abc_action_bar_stacked_max_height
com.productshow.R$dimen: int abc_action_bar_stacked_tab_max_width
com.productshow.R$dimen: int abc_action_bar_subtitle_bottom_margin
com.productshow.R$dimen: int abc_action_bar_subtitle_text_size
com.productshow.R$dimen: int abc_action_bar_subtitle_top_margin
com.productshow.R$dimen: int abc_action_bar_title_text_size
com.productshow.R$dimen: int abc_action_button_min_width
com.productshow.R$dimen: int abc_config_prefDialogWidth
com.productshow.R$dimen: int abc_dropdownitem_icon_width
com.productshow.R$dimen: int abc_dropdownitem_text_padding_left
com.productshow.R$dimen: int abc_dropdownitem_text_padding_right
com.productshow.R$dimen: int abc_panel_menu_list_width
com.productshow.R$dimen: int abc_search_view_preferred_width
com.productshow.R$dimen: int abc_search_view_text_min_width
com.productshow.R$dimen: int activity_horizontal_margin
com.productshow.R$dimen: int activity_vertical_margin
com.productshow.R$dimen: int dialog_fixed_height_major
com.productshow.R$dimen: int dialog_fixed_height_minor
com.productshow.R$dimen: int dialog_fixed_width_major
com.productshow.R$dimen: int dialog_fixed_width_minor
...
android.support.v7.internal.view.menu.ListMenuItemView
android.support.v7.internal.view.menu.ListMenuItemView: ListMenuItemView(android.content.Context,android.util.AttributeSet,int)
android.support.v7.internal.view.menu.ListMenuItemView: ListMenuItemView(android.content.Context,android.util.AttributeSet)
android.support.v7.internal.view.menu.ListMenuItemView: void setForceShowIcon(boolean)
android.support.v7.internal.view.menu.ListMenuItemView: void setTitle(java.lang.CharSequence)
android.support.v7.internal.view.menu.ListMenuItemView: android.support.v7.internal.view.menu.MenuItemImpl getItemData()
android.support.v7.internal.view.menu.ListMenuItemView: void setCheckable(boolean)
android.support.v7.internal.view.menu.ListMenuItemView: void setChecked(boolean)
android.support.v7.internal.view.menu.ListMenuItemView: void setIcon(android.graphics.drawable.Drawable)
android.support.v7.internal.view.menu.ListMenuItemView: android.view.LayoutInflater getInflater()
android.support.v7.internal.widget.AbsActionBarView: AbsActionBarView(android.content.Context)
android.support.v7.internal.widget.AbsActionBarView: AbsActionBarView(android.content.Context,android.util.AttributeSet)
android.support.v7.internal.widget.AbsActionBarView: AbsActionBarView(android.content.Context,android.util.AttributeSet,int)
android.support.v7.internal.widget.AbsActionBarView: void setSplitActionBar(boolean)
android.support.v7.internal.widget.AbsActionBarView: void setSplitWhenNarrow(boolean)
android.support.v7.internal.widget.AbsActionBarView: void setContentHeight(int)
android.support.v7.internal.widget.AbsActionBarView: int getContentHeight()
android.support.v7.internal.widget.AbsActionBarView: void setSplitView(android.support.v7.internal.widget.ActionBarContainer)
android.support.v7.internal.widget.AbsActionBarView: int getAnimatedVisibility()
android.support.v7.internal.widget.AbsActionBarView: void setVisibility(int)
android.support.v7.internal.widget.AbsSpinnerICS$SavedState
android.support.v7.internal.widget.AbsSpinnerICS$SavedState: android.os.Parcelable$Creator CREATOR
android.support.v7.internal.widget.ActionBarContainer
android.support.v7.internal.widget.ActionBarContainer: ActionBarContainer(android.content.Context)
android.support.v7.internal.widget.ActionBarContainer: ActionBarContainer(android.content.Context,android.util.AttributeSet)
android.support.v7.internal.widget.ActionBarContainer: void setPrimaryBackground(android.graphics.drawable.Drawable)
android.support.v7.internal.widget.ActionBarContainer: void setStackedBackground(android.graphics.drawable.Drawable)
android.support.v7.internal.widget.ActionBarContainer: void setSplitBackground(android.graphics.drawable.Drawable)
android.support.v7.internal.widget.ActionBarContainer: void setVisibility(int)
android.support.v7.internal.widget.ActionBarContainer: void setTransitioning(boolean)
android.support.v7.internal.widget.ActionBarContainer: void setTabContainer(android.support.v7.internal.widget.ScrollingTabContainerView)
android.support.v7.internal.widget.ActionBarContainer: android.view.View getTabContainer()