proguard/mapping.txt
com.productshow.MainActivity -> com.productshow.MainActivity:
    long exitTime -> q
    com.productshow.MainActivity$SectionsPagerAdapter mSectionsPagerAdapter -> o
    com.productshow.view.WebViewPager mViewPager -> p
    boolean onKeyDown(int,android.view.KeyEvent) -> onKeyDown
    boolean onSearchRequested() -> onSearchRequested
    void onRestart() -> onRestart
    void onCreate(android.os.Bundle) -> onCreate
    boolean onCreateOptionsMenu(android.view.Menu) -> onCreateOptionsMenu
    boolean onOptionsItemSelected(android.view.MenuItem) -> onOptionsItemSelected
    void onTabSelected(android.support.v7.app.ActionBar$Tab,android.support.v4.app.FragmentTransaction) -> a
    void onTabUnselected(android.support.v7.app.ActionBar$Tab,android.support.v4.app.FragmentTransaction) -> b
    void onTabReselected(android.support.v7.app.ActionBar$Tab,android.support.v4.app.FragmentTransaction) -> c
    void screenChange() -> j
    void doSearchQuery() -> i
com.productshow.MainActivity$1 -> com.productshow.a:
    com.productshow.MainActivity this$0 -> a
    android.support.v7.app.ActionBar val$actionBar -> b
    void onPageSelected(int) -> a
com.productshow.MainActivity$PlaceholderFragment -> com.productshow.b:
    android.os.Handler handler -> P
    com.productshow.MainActivity$PlaceholderFragment newInstance(int) -> a
    android.view.View onCreateView(android.view.LayoutInflater,android.view.ViewGroup,android.os.Bundle) -> a
com.productshow.MainActivity$PlaceholderFragment$1 -> com.productshow.c:
    com.productshow.MainActivity$PlaceholderFragment this$1 -> a
    android.widget.ProgressBar val$progressBar -> b
    void onProgressChanged(android.webkit.WebView,int) -> onProgressChanged
com.productshow.MainActivity$PlaceholderFragment$2 -> com.productshow.d:
    com.productshow.MainActivity$PlaceholderFragment this$1 -> a
    android.widget.ProgressBar val$progressBar -> b
    boolean shouldOverrideUrlLoading(android.webkit.WebView,java.lang.String) -> shouldOverrideUrlLoading
com.productshow.MainActivity$PlaceholderFragment$3 -> com.productshow.e:
    com.productshow.MainActivity$PlaceholderFragment this$1 -> a
    com.productshow.view.ExtendedWebView val$webView -> b
    android.widget.ProgressBar val$progressBar -> c
    boolean onKey(android.view.View,int,android.view.KeyEvent) -> onKey
com.productshow.MainActivity$SectionsPagerAdapter -> com.productshow.f:
    com.productshow.MainActivity this$0 -> a
    android.support.v4.app.Fragment getItem(int) -> a
    int getCount() -> b
    java.lang.CharSequence getPageTitle(int) -> c
com.productshow.PageActivity -> com.productshow.PageActivity:
    android.os.Handler handler -> o
    void onCreate(android.os.Bundle) -> onCreate
    boolean onOptionsItemSelected(android.view.MenuItem) -> onOptionsItemSelected
    boolean onCreateOptionsMenu(android.view.Menu) -> onCreateOptionsMenu
com.productshow.PageActivity$1 -> com.productshow.g:
    com.productshow.PageActivity this$0 -> a
    android.widget.ProgressBar val$progressBar -> b
    void onProgressChanged(android.webkit.WebView,int) -> onProgressChanged
com.productshow.PageActivity$2 -> com.productshow.h:
    com.productshow.PageActivity this$0 -> a
    android.widget.ProgressBar val$progressBar -> b
    boolean shouldOverrideUrlLoading(android.webkit.WebView,java.lang.String) -> shouldOverrideUrlLoading
com.productshow.PageActivity$3 -> com.productshow.i:
    com.productshow.PageActivity this$0 -> a
    android.webkit.WebView val$webView -> b
    android.widget.ProgressBar val$progressBar -> c
    boolean onKey(android.view.View,int,android.view.KeyEvent) -> onKey
com.productshow.SearchResultActivity -> com.productshow.SearchResultActivity:
    android.widget.TextView tv -> a
    void onCreate(android.os.Bundle) -> onCreate
    void doSearchQuery() -> a
com.productshow.SearchSuggestionSampleProvider -> com.productshow.SearchSuggestionSampleProvider:
...
android.support.v4.app.BackStackRecord$Op -> android.support.v4.app.e:
    android.support.v4.app.BackStackRecord$Op next -> a
    android.support.v4.app.BackStackRecord$Op prev -> b
    int cmd -> c
    android.support.v4.app.Fragment fragment -> d
    int enterAnim -> e
    int exitAnim -> f
    int popEnterAnim -> g
    int popExitAnim -> h
    java.util.ArrayList removed -> i
android.support.v4.app.BackStackState -> android.support.v4.app.BackStackState:
    int[] mOps -> a
    int mTransition -> b
    int mTransitionStyle -> c
    java.lang.String mName -> d
    int mIndex -> e
    int mBreadCrumbTitleRes -> f
    java.lang.CharSequence mBreadCrumbTitleText -> g
    int mBreadCrumbShortTitleRes -> h
    java.lang.CharSequence mBreadCrumbShortTitleText -> i
    android.os.Parcelable$Creator CREATOR -> CREATOR
    android.support.v4.app.BackStackRecord instantiate(android.support.v4.app.FragmentManagerImpl) -> a
    int describeContents() -> describeContents
    void writeToParcel(android.os.Parcel,int) -> writeToParcel
android.support.v4.app.BackStackState$1 -> android.support.v4.app.f:
    android.support.v4.app.BackStackState createFromParcel(android.os.Parcel) -> a
    android.support.v4.app.BackStackState[] newArray(int) -> a
    java.lang.Object[] newArray(int) -> newArray
    java.lang.Object createFromParcel(android.os.Parcel) -> createFromParcel
android.support.v4.app.Fragment -> android.support.v4.app.Fragment:
    android.support.v4.util.SimpleArrayMap sClassMap -> P
    int mState -> a
    android.view.View mAnimatingAway -> b
    int mStateAfterAnimating -> c
    android.os.Bundle mSavedFragmentState -> d
    android.util.SparseArray mSavedViewState -> e
    int mIndex -> f
    java.lang.String mWho -> g
    android.os.Bundle mArguments -> h
    android.support.v4.app.Fragment mTarget -> i
    int mTargetIndex -> j
    int mTargetRequestCode -> k
    boolean mAdded -> l
    boolean mRemoving -> m
    boolean mResumed -> n
    boolean mFromLayout -> o
    boolean mInLayout -> p
    boolean mRestored -> q
    int mBackStackNesting -> r
    android.support.v4.app.FragmentManagerImpl mFragmentManager -> s
    android.support.v4.app.FragmentActivity mActivity -> t
    android.support.v4.app.FragmentManagerImpl mChildFragmentManager -> u
    android.support.v4.app.Fragment mParentFragment -> v
    int mFragmentId -> w
    int mContainerId -> x
    java.lang.String mTag -> y
    boolean mHidden -> z
    boolean mDetached -> A
    boolean mRetainInstance -> B
    boolean mRetaining -> C
    boolean mHasMenu -> D
    boolean mMenuVisible -> E
    boolean mCalled -> F
    int mNextAnim -> G
    android.view.ViewGroup mContainer -> H
    android.view.View mView -> I
    android.view.View mInnerView -> J
    boolean mDeferStart -> K
    boolean mUserVisibleHint -> L
android.support.v4.app.Fragment$1 -> android.support.v4.app.g:
    android.support.v4.app.Fragment this$0 -> a
    android.view.View findViewById(int) -> a
android.support.v4.app.Fragment$InstantiationException -> android.support.v4.app.h:
android.support.v4.app.Fragment$SavedState -> android.support.v4.app.Fragment$SavedState:
    android.os.Bundle mState -> a
    android.os.Parcelable$Creator CREATOR -> CREATOR
    int describeContents() -> describeContents
    void writeToParcel(android.os.Parcel,int) -> writeToParcel
android.support.v4.app.Fragment$SavedState$1 -> android.support.v4.app.i:
    android.support.v4.app.Fragment$SavedState createFromParcel(android.os.Parcel) -> a
    android.support.v4.app.Fragment$SavedState[] newArray(int) -> a
    java.lang.Object[] newArray(int) -> newArray
    java.lang.Object createFromParcel(android.os.Parcel) -> createFromParcel