proguard/usage.txt
com.productshow.BuildConfig
com.productshow.MainActivity$PlaceholderFragment:
    private static final java.lang.String ARG_SECTION_NUMBER
com.productshow.R
com.productshow.R$anim
com.productshow.R$attr
com.productshow.R$bool
com.productshow.R$color
com.productshow.R$dimen
com.productshow.R$drawable
com.productshow.R$id
com.productshow.R$integer
com.productshow.R$layout
com.productshow.R$menu
com.productshow.R$string
com.productshow.R$style
com.productshow.R$styleable
com.productshow.R$xml
com.productshow.SearchSuggestionSampleProvider:
    static final java.lang.String AUTHORITY
    static final int MODE
com.productshow.bean.JavaScriptInterfaceBean:
    private java.lang.String title
    29:36:public void toPage(java.lang.String)
    40:41:public void checkVersion()
    45:53:public java.lang.String setInit()
    58:67:public void screenChange(java.lang.String)
    71:71:public java.lang.String getTitle()
    76:77:public void setTitle(java.lang.String)
com.productshow.view.ExtendedWebView:
    19:27:public boolean canScrollHor(int,int,int)
...
android.support.v4.view.GestureDetectorCompat$GestureDetectorCompatImpl
android.support.v4.view.GestureDetectorCompat$GestureDetectorCompatImplBase
android.support.v4.view.GestureDetectorCompat$GestureDetectorCompatImplBase$GestureHandler
android.support.v4.view.GestureDetectorCompat$GestureDetectorCompatImplJellybeanMr2
android.support.v4.view.GravityCompat:
    public static final int RELATIVE_LAYOUT_DIRECTION
    public static final int START
    public static final int END
    public static final int RELATIVE_HORIZONTAL_GRAVITY_MASK
    27:62:public GravityCompat()
    132:133:public static void apply(int,int,int,android.graphics.Rect,android.graphics.Rect,int)
    162:163:public static void apply(int,int,int,android.graphics.Rect,int,int,android.graphics.Rect,int)
    186:187:public static void applyDisplay(int,android.graphics.Rect,android.graphics.Rect,int)
android.support.v4.view.GravityCompat$GravityCompatImpl:
    public abstract void apply(int,int,int,android.graphics.Rect,android.graphics.Rect,int)
    public abstract void apply(int,int,int,android.graphics.Rect,int,int,android.graphics.Rect,int)
    public abstract void applyDisplay(int,android.graphics.Rect,android.graphics.Rect,int)
android.support.v4.view.GravityCompat$GravityCompatImplBase:
    46:47:public void apply(int,int,int,android.graphics.Rect,android.graphics.Rect,int)
    52:53:public void apply(int,int,int,android.graphics.Rect,int,int,android.graphics.Rect,int)
    58:59:public void applyDisplay(int,android.graphics.Rect,android.graphics.Rect,int)
android.support.v4.view.GravityCompat$GravityCompatImplJellybeanMr1:
    71:72:public void apply(int,int,int,android.graphics.Rect,android.graphics.Rect,int)
    77:79:public void apply(int,int,int,android.graphics.Rect,int,int,android.graphics.Rect,int)
    83:84:public void applyDisplay(int,android.graphics.Rect,android.graphics.Rect,int)
android.support.v4.view.GravityCompatJellybeanMr1:
    23:23:GravityCompatJellybeanMr1()
    31:32:public static void apply(int,int,int,android.graphics.Rect,android.graphics.Rect,int)
    36:37:public static void apply(int,int,int,android.graphics.Rect,int,int,android.graphics.Rect,int)
    40:41:public static void applyDisplay(int,android.graphics.Rect,android.graphics.Rect,int)
android.support.v4.view.KeyEventCompat:
    26:144:public KeyEventCompat()
    176:176:public static int normalizeMetaState(int)
    180:180:public static boolean metaStateHasModifiers(int,int)
    184:184:public static boolean metaStateHasNoModifiers(int)
    200:200:public static boolean isTracking(android.view.KeyEvent)
    204:204:public static java.lang.Object getKeyDispatcherState(android.view.View)
    209:209:public static boolean dispatch(android.view.KeyEvent,android.view.KeyEvent$Callback,java.lang.Object,java.lang.Object)
android.support.v4.view.KeyEventCompat$BaseKeyEventVersionImpl:
    private static final int META_MODIFIER_MASK
    private static final int META_ALL_MASK
    103:103:public boolean isTracking(android.view.KeyEvent)
    108:108:public java.lang.Object getKeyDispatcherState(android.view.View)
    114:114:public boolean dispatch(android.view.KeyEvent,android.view.KeyEvent$Callback,java.lang.Object,java.lang.Object)
android.support.v4.view.KeyEventCompat$EclairKeyEventVersionImpl:
    126:126:public boolean isTracking(android.view.KeyEvent)
    131:131:public java.lang.Object getKeyDispatcherState(android.view.View)
    137:137:public boolean dispatch(android.view.KeyEvent,android.view.KeyEvent$Callback,java.lang.Object,java.lang.Object)
android.support.v4.view.KeyEventCompat$KeyEventVersionImpl:
    public abstract int normalizeMetaState(int)
    public abstract boolean isTracking(android.view.KeyEvent)
    public abstract java.lang.Object getKeyDispatcherState(android.view.View)
    public abstract boolean dispatch(android.view.KeyEvent,android.view.KeyEvent$Callback,java.lang.Object,java.lang.Object)